Arguments: 
  /usr/bin/node /usr/share/yarn/bin/yarn.js build:css

PATH: 
  /home/hp/.rbenv/shims:/home/hp/.rbenv/bin:/home/hp/.rbenv/shims:/home/hp/.rbenv/bin:/home/hp/.rbenv/shims:/home/hp/.rbenv/bin:/home/hp/.rbenv/shims:/home/hp/.rbenv/bin:/home/hp/.rbenv/bin:/home/hp/.rbenv/shims:/home/hp/.rbenv/bin:/usr/local/sbin:/usr/local/bin:/usr/sbin:/usr/bin:/sbin:/bin:/usr/games:/usr/local/games:/snap/bin:/home/hp/.rvm/bin:/home/hp/.rvm/bin

Yarn version: 
  1.22.19

Node version: 
  10.19.0

Platform: 
  linux x64

Trace: 
  SyntaxError: /home/hp/Desktop/Employee_attendence_system/package.json: Unexpected token { in JSON at position 133
      at JSON.parse (<anonymous>)
      at /usr/share/yarn/lib/cli.js:1629:59
      at Generator.next (<anonymous>)
      at step (/usr/share/yarn/lib/cli.js:310:30)
      at /usr/share/yarn/lib/cli.js:321:13

npm manifest: 
  {
    "name": "app",
    "private": "true",
    "browserslist": [
      "defaults"
    ],
    "dependencies": {
      "bootstrap": "^5.3.3"
    }
  }
  
  {
    "scripts": {
      "build:css:compile": "sass ./app/assets/stylesheets/application.bootstrap.scss:./app/assets/builds/application.css --no-source-map --load-path=node_modules",
      "build:css:prefix": "postcss ./app/assets/builds/application.css --use=autoprefixer --output=./app/assets/builds/application.css",
      "build:css": "yarn build:css:compile && yarn build:css:prefix",
      "watch:css": "nodemon --watch ./app/assets/stylesheets/ --ext scss --exec \"yarn build:css\""
    }
  }

yarn manifest: 
  No manifest

Lockfile: 
  # THIS IS AN AUTOGENERATED FILE. DO NOT EDIT THIS FILE DIRECTLY.
  # yarn lockfile v1
  
  
  bootstrap@^5.3.3:
    version "5.3.3"
    resolved "https://registry.yarnpkg.com/bootstrap/-/bootstrap-5.3.3.tgz#de35e1a765c897ac940021900fcbb831602bac38"
    integrity sha512-8HLCdWgyoMguSO9o+aH+iuZ+aht+mzW0u3HIMzVu7Srrpv7EBBxTnrFlSCskwdY1+EOFQSm7uMJhNQHkdPcmjg==
